<?xml version="1.0" encoding="UTF-8"?>
<testsuite xmlns:xsi="http://www.w3.org/2001/XMLSchema-instance" xsi:noNamespaceSchemaLocation="https://maven.apache.org/surefire/maven-surefire-plugin/xsd/surefire-test-report-3.0.xsd" version="3.0" name="com.mini.spring.ioc.BeanDefinitionTest" time="0.094" tests="6" errors="0" skipped="0" failures="0">
  <properties>
[...]
</properties>
  <testcase name="shouldHaveDefaultLazyInitFalse" classname="com.mini.spring.ioc.BeanDefinitionTest" time="0.053"/>
  <testcase name="shouldCreateBeanDefinitionWithClass" classname="com.mini.spring.ioc.BeanDefinitionTest" time="0.003"/>
  <testcase name="shouldHaveDefaultSingletonScope" classname="com.mini.spring.ioc.BeanDefinitionTest" time="0.003"/>
  <testcase name="shouldInitializeCollections" classname="com.mini.spring.ioc.BeanDefinitionTest" time="0.004"/>
  <testcase name="shouldSetScope" classname="com.mini.spring.ioc.BeanDefinitionTest" time="0.002"/>
  <testcase name="shouldSetLazyInit" classname="com.mini.spring.ioc.BeanDefinitionTest" time="0.001"/>
</testsuite>